<?xml version="1.0" encoding="UTF-8"?>
<testsuites name="Mocha Tests" time="6.345000000000001" tests="3" failures="1">
  <testsuite name="Root Suite" timestamp="2026-02-10T23:48:26" tests="0" file="cypress/e2e/features/login.feature" failures="0" time="0">
  </testsuite>
  <testsuite name="Login" timestamp="2026-02-10T23:48:26" tests="3" failures="1" time="6.345000000000001">
    <testcase name="Login Inicio de sesion exitoso" time="4.296" classname="Inicio de sesion exitoso" failure="false" error="false" success="true">
    </testcase>
    <testcase name="Login Inicio de sesion invalido v2" time="2.049" classname="Inicio de sesion invalido v2" failure="false" error="false" success="true">
    </testcase>
    <testcase name="Login Inicio de sesion exitoso" time="0" classname="Inicio de sesion exitoso" failure="true" error="true" success="false">
      <failure message="Timed out retrying after 4000ms: Expected to find content: &apos;renato&apos; but never did." type="AssertionError"><![CDATA[AssertionError: Timed out retrying after 4000ms: Expected to find content: 'renato' but never did.
    at Context.eval (https://demoqa.com/__cypress/tests?p=cypress/e2e/features/login.feature:10223:12)
    at Registry.runStepDefininition (https://demoqa.com/__cypress/tests?p=cypress/e2e/features/login.feature:8703:48)
    at Context.eval (https://demoqa.com/__cypress/tests?p=cypress/e2e/features/login.feature:9568:48)]]></failure>
    </testcase>
  </testsuite>
</testsuites>